<?xml version="1.0" encoding="UTF-8"?>
<!-- Generated by org.testng.reporters.JUnitXMLReporter -->
<testsuite ignored="0" hostname="DESKTOP-DTUKDDQ" failures="0" tests="3" name="RunSingleMethod" time="55.322" errors="0" timestamp="2025-08-31T21:35:59 IST">
  <testcase classname="com.flipkart.tests.FlipKartHomePageTest" name="verify_Title_Product_FlipKartHomePage" time="2.074"/>
  <testcase classname="com.flipkart.tests.FlipKartHomePageTest" name="verify_Search_Product_FlipKartHomePage" time="7.016"/>
  <testcase classname="com.flipkart.tests.FlipKartLoginPageTest" name="verify_Login_Functionality_FlipKartLoginPage" time="26.375"/>
</testsuite> <!-- RunSingleMethod -->
