<?xml version="1.0" encoding="UTF-8"?>
<!-- Generated by org.testng.reporters.JUnitXMLReporter -->
<testsuite ignored="1" hostname="DESKTOP-DTUKDDQ" failures="0" tests="1" name="Default test" time="13.768" errors="0" timestamp="2025-08-25T23:50:45 IST">
  <testcase classname="com.amazon.tests.AmazonHomePageTest" name="verifySearchProduct" time="6.749"/>
  <testcase classname="com.amazon.tests.AmazonHomePageTest" name="verifyCartNavigation" time="0.0">
    <ignored/>
  </testcase> <!-- verifyCartNavigation -->
</testsuite> <!-- Default test -->
