<?xml version="1.0" encoding="UTF-8"?>
<!-- Generated by org.testng.reporters.JUnitXMLReporter -->
<testsuite ignored="1" hostname="DESKTOP-DTUKDDQ" failures="0" tests="1" name="RunSingleMethod" time="14.462" errors="0" timestamp="2025-08-26T00:24:16 IST">
  <testcase classname="com.amazon.tests.AmazonHomePageTest" name="verifySearchProduct" time="7.938"/>
  <testcase classname="com.amazon.tests.AmazonHomePageTest" name="verifyCartNavigation" time="0.0">
    <ignored/>
  </testcase> <!-- verifyCartNavigation -->
</testsuite> <!-- RunSingleMethod -->
