<?xml version="1.0" encoding="UTF-8"?>
<!-- Generated by org.testng.reporters.JUnitXMLReporter -->
<testsuite ignored="1" hostname="DESKTOP-DTUKDDQ" failures="0" tests="1" name="RunSingleMethod" time="19.521" errors="0" timestamp="2025-08-25T23:31:14 IST">
  <testcase classname="com.amazon.tests.AmazonHomePageTest" name="verifySearchProduct" time="8.677"/>
  <testcase classname="com.amazon.tests.AmazonHomePageTest" name="verifyCartNavigation" time="0.0">
    <ignored/>
  </testcase> <!-- verifyCartNavigation -->
</testsuite> <!-- RunSingleMethod -->
