<?xml version="1.0" encoding="UTF-8"?>
<!-- Generated by org.testng.reporters.JUnitXMLReporter -->
<testsuite ignored="0" hostname="DESKTOP-DTUKDDQ" failures="0" tests="2" name="Flipkart Tests" time="17.462" errors="0" timestamp="2025-09-07T14:23:12 IST">
  <testcase classname="com.flipkart.tests.FlipKartHomePageTest" name="verify_Search_Product_FlipKartHomePage" time="3.23"/>
  <testcase classname="com.flipkart.tests.FlipKartHomePageTest" name="verify_Title_Product_FlipKartHomePage" time="2.08"/>
</testsuite> <!-- Flipkart Tests -->
