<?xml version="1.0" encoding="UTF-8"?>
<testng-results ignored="0" total="1" passed="1" failed="0" skipped="0">
  <reporter-output>
  </reporter-output>
  <suite started-at="2025-08-26T00:47:39 IST" name="Amazon Suite" finished-at="2025-08-26T00:47:52 IST" duration-ms="12323">
    <groups>
    </groups>
    <test started-at="2025-08-26T00:47:39 IST" name="RunSingleMethod" finished-at="2025-08-26T00:47:52 IST" duration-ms="12323">
      <class name="com.amazon.tests.AmazonHomePageTest">
        <test-method is-config="true" signature="setUp()[pri:0, instance:com.amazon.tests.AmazonHomePageTest@34e9fd99]" started-at="2025-08-26T00:47:39 IST" name="setUp" finished-at="2025-08-26T00:47:45 IST" duration-ms="5456" status="PASS">
          <reporter-output>
          </reporter-output>
        </test-method> <!-- setUp -->
        <test-method signature="verifySearchProduct()[pri:0, instance:com.amazon.tests.AmazonHomePageTest@34e9fd99]" started-at="2025-08-26T00:47:45 IST" name="verifySearchProduct" finished-at="2025-08-26T00:47:51 IST" duration-ms="6279" status="PASS">
          <reporter-output>
          </reporter-output>
        </test-method> <!-- verifySearchProduct -->
        <test-method is-config="true" signature="tearDown()[pri:0, instance:com.amazon.tests.AmazonHomePageTest@34e9fd99]" started-at="2025-08-26T00:47:51 IST" name="tearDown" finished-at="2025-08-26T00:47:52 IST" duration-ms="508" status="PASS">
          <reporter-output>
          </reporter-output>
        </test-method> <!-- tearDown -->
      </class> <!-- com.amazon.tests.AmazonHomePageTest -->
    </test> <!-- RunSingleMethod -->
  </suite> <!-- Amazon Suite -->
</testng-results>
