<?xml version="1.0" encoding="UTF-8"?>
<testng-results ignored="0" total="2" passed="2" failed="0" skipped="0">
  <reporter-output>
  </reporter-output>
  <suite started-at="2025-08-31T17:03:11 IST" name="Amazon Suite" finished-at="2025-08-31T17:03:34 IST" duration-ms="22241">
    <groups>
    </groups>
    <test started-at="2025-08-31T17:03:11 IST" name="RunSingleMethod" finished-at="2025-08-31T17:03:34 IST" duration-ms="22241">
      <class name="com.amazon.tests.AmazonHomePageTest">
        <test-method is-config="true" signature="setUp()[pri:0, instance:com.amazon.tests.AmazonHomePageTest@36ebc363]" started-at="2025-08-31T17:03:11 IST" name="setUp" finished-at="2025-08-31T17:03:18 IST" duration-ms="6974" status="PASS">
          <reporter-output>
          </reporter-output>
        </test-method> <!-- setUp -->
        <test-method signature="verifyTitleProductFlipKartHomePage()[pri:0, instance:com.amazon.tests.AmazonHomePageTest@36ebc363]" started-at="2025-08-31T17:03:18 IST" name="verifyTitleProductFlipKartHomePage" finished-at="2025-08-31T17:03:20 IST" duration-ms="2089" status="PASS">
          <reporter-output>
          </reporter-output>
        </test-method> <!-- verifyTitleProductFlipKartHomePage -->
        <test-method is-config="true" signature="tearDown()[pri:0, instance:com.amazon.tests.AmazonHomePageTest@36ebc363]" started-at="2025-08-31T17:03:20 IST" name="tearDown" finished-at="2025-08-31T17:03:21 IST" duration-ms="430" status="PASS">
          <reporter-output>
          </reporter-output>
        </test-method> <!-- tearDown -->
        <test-method is-config="true" signature="setUp()[pri:0, instance:com.amazon.tests.AmazonHomePageTest@36ebc363]" started-at="2025-08-31T17:03:21 IST" name="setUp" finished-at="2025-08-31T17:03:28 IST" duration-ms="7311" status="PASS">
          <reporter-output>
          </reporter-output>
        </test-method> <!-- setUp -->
        <test-method signature="searchProductFlipKartHomePage()[pri:0, instance:com.amazon.tests.AmazonHomePageTest@36ebc363]" started-at="2025-08-31T17:03:28 IST" name="searchProductFlipKartHomePage" finished-at="2025-08-31T17:03:33 IST" duration-ms="4720" status="PASS">
          <reporter-output>
          </reporter-output>
        </test-method> <!-- searchProductFlipKartHomePage -->
        <test-method is-config="true" signature="tearDown()[pri:0, instance:com.amazon.tests.AmazonHomePageTest@36ebc363]" started-at="2025-08-31T17:03:33 IST" name="tearDown" finished-at="2025-08-31T17:03:34 IST" duration-ms="587" status="PASS">
          <reporter-output>
          </reporter-output>
        </test-method> <!-- tearDown -->
      </class> <!-- com.amazon.tests.AmazonHomePageTest -->
    </test> <!-- RunSingleMethod -->
  </suite> <!-- Amazon Suite -->
</testng-results>
